\BOOKMARK [1][-]{section.1}{Descripci\363n del problema}{}% 1
\BOOKMARK [2][-]{subsection.1.1}{Problema}{section.1}% 2
\BOOKMARK [3][-]{subsubsection.1.1.1}{Caracter\355sticas}{subsection.1.1}% 3
\BOOKMARK [3][-]{subsubsection.1.1.2}{Tipo de problema}{subsection.1.1}% 4
\BOOKMARK [2][-]{subsection.1.2}{Estado}{section.1}% 5
\BOOKMARK [3][-]{subsubsection.1.2.1}{Elementos del estado}{subsection.1.2}% 6
\BOOKMARK [3][-]{subsubsection.1.2.2}{Espacio de b\372squeda}{subsection.1.2}% 7
\BOOKMARK [2][-]{subsection.1.3}{Operadores}{section.1}% 8
\BOOKMARK [3][-]{subsubsection.1.3.1}{Factor de ramificaci\363n}{subsection.1.3}% 9
\BOOKMARK [2][-]{subsection.1.4}{Funci\363n heur\355stica}{section.1}% 10
\BOOKMARK [3][-]{subsubsection.1.4.1}{Factores que intervienen}{subsection.1.4}% 11
\BOOKMARK [2][-]{subsection.1.5}{Estado inicial}{section.1}% 12
\BOOKMARK [1][-]{section.2}{Experimentos}{}% 13
\BOOKMARK [2][-]{subsection.2.1}{Experimento 1}{section.2}% 14
\BOOKMARK [2][-]{subsection.2.2}{Experimento 2}{section.2}% 15
\BOOKMARK [2][-]{subsection.2.3}{Experimento 3}{section.2}% 16
\BOOKMARK [2][-]{subsection.2.4}{Experimento 4}{section.2}% 17
\BOOKMARK [2][-]{subsection.2.5}{Experimento 5}{section.2}% 18
\BOOKMARK [2][-]{subsection.2.6}{Experimento 6}{section.2}% 19
\BOOKMARK [2][-]{subsection.2.7}{Experimento 7}{section.2}% 20
\BOOKMARK [1][-]{section.3}{C\363digo}{}% 21
